<?xml version="1.0" encoding="UTF-8"?>
<testng-results skipped="0" failed="0" ignored="0" total="1" passed="1">
  <reporter-output>
  </reporter-output>
  <suite name="Default suite" duration-ms="5624" started-at="2019-12-27T10:17:03Z" finished-at="2019-12-27T10:17:09Z">
    <groups>
    </groups>
    <test name="Default test" duration-ms="5624" started-at="2019-12-27T10:17:03Z" finished-at="2019-12-27T10:17:09Z">
      <class name="ValidChangePassword">
        <test-method status="PASS" signature="beforeTest()[pri:0, instance:ValidChangePassword@56f4468b]" name="beforeTest" is-config="true" duration-ms="3574" started-at="2019-12-27T15:47:03Z" finished-at="2019-12-27T15:47:07Z">
          <reporter-output>
          </reporter-output>
        </test-method> <!-- beforeTest -->
        <test-method status="PASS" signature="beforeMethod()[pri:0, instance:ValidChangePassword@56f4468b]" name="beforeMethod" is-config="true" duration-ms="381" started-at="2019-12-27T15:47:07Z" finished-at="2019-12-27T15:47:07Z">
          <reporter-output>
          </reporter-output>
        </test-method> <!-- beforeMethod -->
        <test-method status="PASS" signature="f()[pri:0, instance:ValidChangePassword@56f4468b]" name="f" duration-ms="1651" started-at="2019-12-27T15:47:07Z" finished-at="2019-12-27T15:47:09Z">
          <reporter-output>
          </reporter-output>
        </test-method> <!-- f -->
        <test-method status="PASS" signature="afterTest()[pri:0, instance:ValidChangePassword@56f4468b]" name="afterTest" is-config="true" duration-ms="0" started-at="2019-12-27T15:47:09Z" finished-at="2019-12-27T15:47:09Z">
          <reporter-output>
          </reporter-output>
        </test-method> <!-- afterTest -->
        <test-method status="PASS" signature="afterMethod()[pri:0, instance:ValidChangePassword@56f4468b]" name="afterMethod" is-config="true" duration-ms="0" started-at="2019-12-27T15:47:09Z" finished-at="2019-12-27T15:47:09Z">
          <reporter-output>
          </reporter-output>
        </test-method> <!-- afterMethod -->
      </class> <!-- ValidChangePassword -->
    </test> <!-- Default test -->
  </suite> <!-- Default suite -->
</testng-results>
